<?xml version='1.0'?>
<ns2:test-suite xmlns:ns2='urn:model.allure.qatools.yandex.ru' start='1502282762540' stop='1502282763590'>
    <name>Navigating to the homepage</name>
    <title>Navigating to the homepage</title>
    <test-cases>
        <test-case start='1502282762541' status='broken' stop='1502282763247'>
            <name>"before all" hook</name>
            <title>"before all" hook</title>
            <labels/>
            <parameters/>
            <steps>
                <step start='1502282762561' status='passed' stop='1502282762658'>
                    <name>POST /wd/hub/session/6011a78b-5d21-4406-b8d4-3583cdb1d268/timeouts</name>
                    <title>POST /wd/hub/session/6011a78b-5d21-4406-b8d4-3583cdb1d268/timeouts</title>
                    <attachments>
                        <attachment title='Request' source='0633a044-ee85-4324-98d4-1ebcf471ab94-attachment.json' type='application/json' size='44'/>
                        <attachment title='Response' source='d10d7732-1541-4973-b335-c46adee24e57-attachment.json' type='application/json' size='872'/>
                    </attachments>
                    <steps/>
                </step>
                <step start='1502282762670' status='passed' stop='1502282763222'>
                    <name>GET /wd/hub/session/6011a78b-5d21-4406-b8d4-3583cdb1d268/screenshot</name>
                    <title>GET /wd/hub/session/6011a78b-5d21-4406-b8d4-3583cdb1d268/screenshot</title>
                    <attachments>
                        <attachment title='Screenshot' source='f5519a71-cf7f-4ebb-b934-602983d33c18-attachment.png' type='image/png' size='4339'/>
                    </attachments>
                    <steps/>
                </step>
            </steps>
            <attachments/>
            <failure>
                <message>Unknown wait type: pageLoad
                Build info: version: '3.4.0', revision: 'unknown', time: 'unknown'
                System info: host: 'MacBook-Air-Alexey.local', ip: 'fe80:0:0:0:e:14c3:5303:f9f8%en0', os.name: 'Mac OS X', os.arch: 'x86_64', os.version: '10.12.5', java.version: '1.8.0_144'
                Driver info: driver.version: unknown</message>
                <stack-trace>Error: An unknown server-side error occurred while processing the command.
                    at Promise.F (node_modules/babel-runtime/node_modules/core-js/library/modules/_export.js:35:28)
                    at timeouts("pageLoad", 100000) - at Context.&lt;anonymous> (test/homepage.test.js:9:14)</stack-trace>
            </failure>
        </test-case>
        <test-case start='1502282763248' status='broken' stop='1502282763589'>
            <name>"after all" hook</name>
            <title>"after all" hook</title>
            <labels/>
            <parameters/>
            <steps>
                <step start='1502282763258' status='passed' stop='1502282763568'>
                    <name>GET /wd/hub/session/6011a78b-5d21-4406-b8d4-3583cdb1d268/screenshot</name>
                    <title>GET /wd/hub/session/6011a78b-5d21-4406-b8d4-3583cdb1d268/screenshot</title>
                    <attachments>
                        <attachment title='Screenshot' source='c1b50d2c-8fa9-4a38-a121-b35463c15911-attachment.png' type='image/png' size='4339'/>
                    </attachments>
                    <steps/>
                </step>
            </steps>
            <attachments/>
            <failure>
                <message></message>
                <stack-trace>Error: 
                    at Promise.F (node_modules/babel-runtime/node_modules/core-js/library/modules/_export.js:35:28)
                    at session("delete") - end.js:31:17
                    at end() - at Context.&lt;anonymous> (test/homepage.test.js:26:17)</stack-trace>
            </failure>
        </test-case>
    </test-cases>
</ns2:test-suite>