<?xml version='1.0'?>
<ns2:test-suite xmlns:ns2='urn:model.allure.qatools.yandex.ru' start='1502283275550' stop='1502283294254'>
    <name>Navigating to the homepage</name>
    <title>Navigating to the homepage</title>
    <test-cases>
        <test-case start='1502283275552' status='passed' stop='1502283283946'>
            <name>"before all" hook</name>
            <title>"before all" hook</title>
            <labels/>
            <parameters/>
            <steps>
                <step start='1502283275571' status='passed' stop='1502283275628'>
                    <name>POST /wd/hub/session/07d68bdd-4026-4c02-89fb-bf22337dba56/timeouts</name>
                    <title>POST /wd/hub/session/07d68bdd-4026-4c02-89fb-bf22337dba56/timeouts</title>
                    <attachments>
                        <attachment title='Request' source='be8b106a-3ba4-474f-9f94-62f252bec03c-attachment.json' type='application/json' size='44'/>
                        <attachment title='Response' source='534ca0be-3176-462b-8bde-87a7eaa4591c-attachment.json' type='application/json' size='196'/>
                    </attachments>
                    <steps/>
                </step>
                <step start='1502283275670' status='passed' stop='1502283283918'>
                    <name>POST /wd/hub/session/07d68bdd-4026-4c02-89fb-bf22337dba56/url</name>
                    <title>POST /wd/hub/session/07d68bdd-4026-4c02-89fb-bf22337dba56/url</title>
                    <attachments>
                        <attachment title='Request' source='0222ba4c-60a6-4a4e-a8a6-7b4c2dc3b59c-attachment.json' type='application/json' size='39'/>
                        <attachment title='Response' source='eebeb086-625e-409e-96e6-3a4acc4c8432-attachment.json' type='application/json' size='195'/>
                    </attachments>
                    <steps/>
                </step>
            </steps>
            <attachments/>
        </test-case>
        <test-case start='1502283283956' status='broken' stop='1502283285425'>
            <name>Waiting for CTA</name>
            <title>Waiting for CTA</title>
            <labels/>
            <parameters>
                <parameter kind='environment-variable' name='capabilities' value='{"browserName":"chrome","os":"windows","resolution":"1920x1080"}'/>
                <parameter kind='environment-variable' name='spec files' value='["/Users/alexeytitov/Desktop/Tests/healthjoy.com/test/homepage.test.js"]'/>
            </parameters>
            <steps>
                <step start='1502283284160' status='passed' stop='1502283284948'>
                    <name>POST /wd/hub/session/07d68bdd-4026-4c02-89fb-bf22337dba56/elements</name>
                    <title>POST /wd/hub/session/07d68bdd-4026-4c02-89fb-bf22337dba56/elements</title>
                    <attachments>
                        <attachment title='Request' source='cc90cf42-3d88-46a7-ae2b-034308c2b4c3-attachment.json' type='application/json' size='71'/>
                        <attachment title='Response' source='90597fa5-f5fc-40ff-84a2-3aa8992f996e-attachment.json' type='application/json' size='246'/>
                    </attachments>
                    <steps/>
                </step>
                <step start='1502283284965' status='passed' stop='1502283285256'>
                    <name>POST /wd/hub/session/07d68bdd-4026-4c02-89fb-bf22337dba56/elements</name>
                    <title>POST /wd/hub/session/07d68bdd-4026-4c02-89fb-bf22337dba56/elements</title>
                    <attachments>
                        <attachment title='Request' source='f1365694-5510-4edc-ac2f-e885bb77371d-attachment.json' type='application/json' size='71'/>
                        <attachment title='Response' source='220e7f4e-f717-4c35-8da5-97edf640ce77-attachment.json' type='application/json' size='246'/>
                    </attachments>
                    <steps/>
                </step>
            </steps>
            <attachments/>
            <failure>
                <message>expect is not a function</message>
                <stack-trace>TypeError: expect is not a function
                    at Context.&lt;anonymous> (/Users/alexeytitov/Desktop/Tests/healthjoy.com/test/homepage.test.js:15:9)
                    at Promise.F (/Users/alexeytitov/Desktop/Tests/healthjoy.com/node_modules/babel-runtime/node_modules/core-js/library/modules/_export.js:35:28)</stack-trace>
            </failure>
        </test-case>
        <test-case start='1502283285464' status='broken' stop='1502283292293'>
            <name>Calling the feedback form</name>
            <title>Calling the feedback form</title>
            <labels/>
            <parameters>
                <parameter kind='environment-variable' name='capabilities' value='{"browserName":"chrome","os":"windows","resolution":"1920x1080"}'/>
                <parameter kind='environment-variable' name='spec files' value='["/Users/alexeytitov/Desktop/Tests/healthjoy.com/test/homepage.test.js"]'/>
            </parameters>
            <steps>
                <step start='1502283285497' status='passed' stop='1502283285908'>
                    <name>POST /wd/hub/session/07d68bdd-4026-4c02-89fb-bf22337dba56/element</name>
                    <title>POST /wd/hub/session/07d68bdd-4026-4c02-89fb-bf22337dba56/element</title>
                    <attachments>
                        <attachment title='Request' source='fb8d699e-d87a-4453-a865-1efad61f476a-attachment.json' type='application/json' size='71'/>
                        <attachment title='Response' source='3e80e8a2-cdac-41ca-acf0-a7619239aa38-attachment.json' type='application/json' size='221'/>
                    </attachments>
                    <steps/>
                </step>
                <step start='1502283285909' status='passed' stop='1502283286696'>
                    <name>POST /wd/hub/session/07d68bdd-4026-4c02-89fb-bf22337dba56/element/0/click</name>
                    <title>POST /wd/hub/session/07d68bdd-4026-4c02-89fb-bf22337dba56/element/0/click</title>
                    <attachments>
                        <attachment title='Response' source='d80bba2d-13f9-4c62-8d48-3740f0252585-attachment.json' type='application/json' size='196'/>
                    </attachments>
                    <steps/>
                </step>
                <step start='1502283291779' status='passed' stop='1502283292272'>
                    <name>POST /wd/hub/session/07d68bdd-4026-4c02-89fb-bf22337dba56/elements</name>
                    <title>POST /wd/hub/session/07d68bdd-4026-4c02-89fb-bf22337dba56/elements</title>
                    <attachments>
                        <attachment title='Request' source='21c69d9b-cb0e-481c-bd26-040bfcc84747-attachment.json' type='application/json' size='72'/>
                        <attachment title='Response' source='6c6d777a-3a5c-4db1-83da-076be15ab9b7-attachment.json' type='application/json' size='246'/>
                    </attachments>
                    <steps/>
                </step>
            </steps>
            <attachments/>
            <failure>
                <message>expect is not a function</message>
                <stack-trace>TypeError: expect is not a function
                    at Context.&lt;anonymous> (/Users/alexeytitov/Desktop/Tests/healthjoy.com/test/homepage.test.js:21:9)
                    at Promise.F (/Users/alexeytitov/Desktop/Tests/healthjoy.com/node_modules/babel-runtime/node_modules/core-js/library/modules/_export.js:35:28)</stack-trace>
            </failure>
        </test-case>
        <test-case start='1502283292295' status='broken' stop='1502283294252'>
            <name>"after all" hook</name>
            <title>"after all" hook</title>
            <labels/>
            <parameters/>
            <steps>
                <step start='1502283292357' status='passed' stop='1502283294237'>
                    <name>GET /wd/hub/session/07d68bdd-4026-4c02-89fb-bf22337dba56/screenshot</name>
                    <title>GET /wd/hub/session/07d68bdd-4026-4c02-89fb-bf22337dba56/screenshot</title>
                    <attachments>
                        <attachment title='Screenshot' source='8912ddec-14d5-4f59-8d45-ea39fbcc7fd5-attachment.png' type='image/png' size='56555'/>
                    </attachments>
                    <steps/>
                </step>
            </steps>
            <attachments/>
            <failure>
                <message></message>
                <stack-trace>Error: 
                    at Promise.F (node_modules/babel-runtime/node_modules/core-js/library/modules/_export.js:35:28)
                    at session("delete") - end.js:31:17
                    at end() - at Context.&lt;anonymous> (test/homepage.test.js:25:17)</stack-trace>
            </failure>
        </test-case>
    </test-cases>
</ns2:test-suite>