<?xml version='1.0'?>
<ns2:test-suite xmlns:ns2='urn:model.allure.qatools.yandex.ru' start='1502283008212' stop='1502283009459'>
    <name>Navigating to the homepage</name>
    <title>Navigating to the homepage</title>
    <test-cases>
        <test-case start='1502283008213' status='broken' stop='1502283009054'>
            <name>"before all" hook</name>
            <title>"before all" hook</title>
            <labels/>
            <parameters/>
            <steps>
                <step start='1502283008226' status='passed' stop='1502283008269'>
                    <name>POST /wd/hub/session/dfbbe1db-9540-48b9-bb95-365c4e52459c/timeouts</name>
                    <title>POST /wd/hub/session/dfbbe1db-9540-48b9-bb95-365c4e52459c/timeouts</title>
                    <attachments>
                        <attachment title='Request' source='ac19a577-4be9-4251-84c2-86e44042bd3f-attachment.json' type='application/json' size='43'/>
                        <attachment title='Response' source='34c341dc-7684-4964-befa-32c7cec57ecf-attachment.json' type='application/json' size='872'/>
                    </attachments>
                    <steps/>
                </step>
                <step start='1502283008275' status='passed' stop='1502283009031'>
                    <name>GET /wd/hub/session/dfbbe1db-9540-48b9-bb95-365c4e52459c/screenshot</name>
                    <title>GET /wd/hub/session/dfbbe1db-9540-48b9-bb95-365c4e52459c/screenshot</title>
                    <attachments>
                        <attachment title='Screenshot' source='1f491483-ff0e-4cdb-bc0d-3d668d3c8fea-attachment.png' type='image/png' size='4339'/>
                    </attachments>
                    <steps/>
                </step>
            </steps>
            <attachments/>
            <failure>
                <message>Unknown wait type: pageLoad
                Build info: version: '3.4.0', revision: 'unknown', time: 'unknown'
                System info: host: 'MacBook-Air-Alexey.local', ip: 'fe80:0:0:0:e:14c3:5303:f9f8%en0', os.name: 'Mac OS X', os.arch: 'x86_64', os.version: '10.12.5', java.version: '1.8.0_144'
                Driver info: driver.version: unknown</message>
                <stack-trace>Error: An unknown server-side error occurred while processing the command.
                    at Promise.F (node_modules/babel-runtime/node_modules/core-js/library/modules/_export.js:35:28)
                    at timeouts("pageLoad", 20000) - at Context.&lt;anonymous> (test/homepage.test.js:9:14)</stack-trace>
            </failure>
        </test-case>
        <test-case start='1502283009056' status='broken' stop='1502283009458'>
            <name>"after all" hook</name>
            <title>"after all" hook</title>
            <labels/>
            <parameters/>
            <steps>
                <step start='1502283009057' status='passed' stop='1502283009409'>
                    <name>GET /wd/hub/session/dfbbe1db-9540-48b9-bb95-365c4e52459c/screenshot</name>
                    <title>GET /wd/hub/session/dfbbe1db-9540-48b9-bb95-365c4e52459c/screenshot</title>
                    <attachments>
                        <attachment title='Screenshot' source='4dc4f663-0481-412e-9bd9-4dba5ef3052b-attachment.png' type='image/png' size='4339'/>
                    </attachments>
                    <steps/>
                </step>
            </steps>
            <attachments/>
            <failure>
                <message></message>
                <stack-trace>Error: 
                    at Promise.F (node_modules/babel-runtime/node_modules/core-js/library/modules/_export.js:35:28)
                    at session("delete") - end.js:31:17
                    at end() - at Context.&lt;anonymous> (test/homepage.test.js:26:17)</stack-trace>
            </failure>
        </test-case>
    </test-cases>
</ns2:test-suite>